🚀 Re-fetching data for failed institutions...

================================================================================

Found 9 failed institutions to retry


[1/9] Processing: Hospitali ya Mnazi Mmoja

Fetching Hospitali ya Mnazi Mmoja...
Using votecode: 025
❌ Error: Request timeout
⏳ Waiting 10 seconds before retry...

Fetching Hospitali ya Mnazi Mmoja... (Retry 1/2)
Using votecode: 025
❌ Error: Request timeout
⏳ Waiting 10 seconds before retry...

Fetching Hospitali ya Mnazi Mmoja... (Retry 2/2)
Using votecode: 025
❌ Error: Request timeout

⏳ Pausing for 15 seconds before next fetch...

[2/9] Processing: OFISI YA RAIS, FEDHA NA MIPANGO

Fetching OFISI YA RAIS, FEDHA NA MIPANGO...
Using votecode: 567
✅ Success: Fetched 544 employees

⏳ Pausing for 15 seconds before next fetch...

[3/9] Processing: OFISI YA RAIS - IKULU

Fetching OFISI YA RAIS - IKULU...
Using votecode: 567
✅ Success: Fetched 544 employees

⏳ Pausing for 15 seconds before next fetch...

[4/9] Processing: Taasisi ya Utafiti wa Uvuvi (ZAFIRI)

Fetching Taasisi ya Utafiti wa Uvuvi (ZAFIRI)...
Using votecode: 526
✅ Success: Fetched 339 employees

⏳ Pausing for 15 seconds before next fetch...

[5/9] Processing: Wakala wa Barabara

Fetching Wakala wa Barabara...
Using votecode: 559
✅ Success: Fetched 475 employees

⏳ Pausing for 15 seconds before next fetch...

[6/9] Processing: WIZARA YA AFYA

Fetching WIZARA YA AFYA...
Using votecode: 008
