🚀 Parallel Document Fetching Script

────────────────────────────────────────────────────────────────────────────────
Institution ID: cmd06nn7r0002e67w8df8thtn
Batch Size: 4 employees in parallel
Starting Offset: 7000
Skip No IDs: Yes
Limit: 50 employees
────────────────────────────────────────────────────────────────────────────────

📋 Institution: WIZARA YA ELIMU NA MAFUNZO YA AMALI
   Vote: 011 | TIN: 101817709


🚨 Fatal error: PrismaClientValidationError: 
Invalid `db.employee.findMany()` invocation in
/www/wwwroot/nextjspro/scripts/fetch-institution-documents-parallel.ts:294:44

  291   ];
  292 }
  293 
→ 294 const allEmployees = await db.employee.findMany({
        where: {
          institutionId: "cmd06nn7r0002e67w8df8thtn",
          OR: [
            {
              payrollNumber: {
                not: {
                  equals: null
                }
              }
            },
            {
              zanId: {
                not: {
                  equals: null
                }
              }
            }
          ]
        },
        select: {
          id: true,
          name: true,
          payrollNumber: true,
          zanId: true
        },
        orderBy: {
          name: "asc"
        }
      })

Argument `equals` is missing.
    at throwValidationException (/www/wwwroot/nextjspro/node_modules/@prisma/client/src/runtime/core/errorRendering/throwValidationException.ts:45:9)
    at ei.handleRequestError (/www/wwwroot/nextjspro/node_modules/@prisma/client/src/runtime/RequestHandler.ts:202:7)
    at ei.handleAndLogRequestError (/www/wwwroot/nextjspro/node_modules/@prisma/client/src/runtime/RequestHandler.ts:174:12)
    at ei.request (/www/wwwroot/nextjspro/node_modules/@prisma/client/src/runtime/RequestHandler.ts:143:12)
    at async a (/www/wwwroot/nextjspro/node_modules/@prisma/client/src/runtime/getPrismaClient.ts:833:24)
    at async main (/www/wwwroot/nextjspro/scripts/fetch-institution-documents-parallel.ts:294:26) {
  clientVersion: '6.19.1'
}
