
================================================================================
  🚀 HRIMS Data Fetch Script
================================================================================
Started at: 2025-12-07 07:11:13
Timeout per institution: 8 minutes
Max retries: 2
================================================================================

[2025-12-07 07:11:13] ℹ️  Loading institutions from database...
[2025-12-07 07:11:14] ℹ️  Found 72 institutions


[1/72] ======================================================================
[1/72] Institution: AFISI YA MKURUGENZI WA MASHTAKA
[1/72] ======================================================================
[2025-12-07 07:11:14] ℹ️  Fetching: AFISI YA MKURUGENZI WA MASHTAKA
[2025-12-07 07:11:14] ℹ️    Using votecode: 029
[2025-12-07 07:13:30] ✅ AFISI YA MKURUGENZI WA MASHTAKA: Fetched 153 employees (2m 16s)
[2025-12-07 07:13:30] ℹ️  Pausing 15s before next institution...


[2/72] ======================================================================
[2/72] Institution: AFISI YA MWANASHERIA MKUU
[2/72] ======================================================================
[2025-12-07 07:13:45] ℹ️  Fetching: AFISI YA MWANASHERIA MKUU
[2025-12-07 07:13:45] ℹ️    Using votecode: 028
[2025-12-07 07:15:52] ✅ AFISI YA MWANASHERIA MKUU: Fetched 146 employees (2m 7s)
[2025-12-07 07:15:52] ℹ️  Pausing 15s before next institution...


[3/72] ======================================================================
[3/72] Institution: AFISI YA RAISI KAZI, UCHUMI NA UWEKEZAJI
[3/72] ======================================================================
[2025-12-07 07:16:07] ℹ️  Fetching: AFISI YA RAISI KAZI, UCHUMI NA UWEKEZAJI
[2025-12-07 07:16:07] ℹ️    Using votecode: 006
[2025-12-07 07:18:43] ✅ AFISI YA RAISI KAZI, UCHUMI NA UWEKEZAJI: Fetched 183 employees (2m 36s)
[2025-12-07 07:18:43] ℹ️  Pausing 15s before next institution...


[4/72] ======================================================================
[4/72] Institution: Baraza la Jiji
[4/72] ======================================================================
[2025-12-07 07:18:58] ℹ️  Fetching: Baraza la Jiji
[2025-12-07 07:18:58] ℹ️    Using votecode: 201
[2025-12-07 07:19:22] ✅ Baraza la Jiji: Fetched 26 employees (0m 23s)
[2025-12-07 07:19:22] ℹ️  Pausing 15s before next institution...


[5/72] ======================================================================
[5/72] Institution: Baraza la Manispaa Magharibi A
[5/72] ======================================================================
[2025-12-07 07:19:37] ℹ️  Fetching: Baraza la Manispaa Magharibi A
[2025-12-07 07:19:37] ℹ️    Using votecode: 203
[2025-12-07 07:21:40] ✅ Baraza la Manispaa Magharibi A: Fetched 148 employees (2m 3s)
[2025-12-07 07:21:40] ℹ️  Pausing 15s before next institution...


[6/72] ======================================================================
[6/72] Institution: Baraza la Manispaa Magharibi B
[6/72] ======================================================================
[2025-12-07 07:21:55] ℹ️  Fetching: Baraza la Manispaa Magharibi B
[2025-12-07 07:21:55] ℹ️    Using votecode: 204
[2025-12-07 07:24:14] ✅ Baraza la Manispaa Magharibi B: Fetched 168 employees (2m 19s)
[2025-12-07 07:24:14] ℹ️  Pausing 15s before next institution...


[7/72] ======================================================================
[7/72] Institution: Baraza la Manispaa Mjini Unguja
[7/72] ======================================================================
[2025-12-07 07:24:29] ℹ️  Fetching: Baraza la Manispaa Mjini Unguja
[2025-12-07 07:24:29] ℹ️    Using votecode: 202
[2025-12-07 07:31:04] ✅ Baraza la Manispaa Mjini Unguja: Fetched 456 employees (6m 34s)
[2025-12-07 07:31:04] ℹ️  Pausing 15s before next institution...


[8/72] ======================================================================
[8/72] Institution: Baraza la Mitihani
[8/72] ======================================================================
[2025-12-07 07:31:19] ℹ️  Fetching: Baraza la Mitihani
[2025-12-07 07:31:19] ℹ️    Using votecode: 547
[2025-12-07 07:32:22] ✅ Baraza la Mitihani: Fetched 75 employees (1m 3s)
[2025-12-07 07:32:22] ℹ️  Pausing 15s before next institution...


[9/72] ======================================================================
[9/72] Institution: Baraza la Mji Chake Chake
[9/72] ======================================================================
[2025-12-07 07:32:37] ℹ️  Fetching: Baraza la Mji Chake Chake
[2025-12-07 07:32:37] ℹ️    Using votecode: 210
[2025-12-07 07:35:38] ✅ Baraza la Mji Chake Chake: Fetched 220 employees (3m 0s)
[2025-12-07 07:35:38] ℹ️  Pausing 15s before next institution...


[10/72] ======================================================================
[10/72] Institution: Baraza la Mji Kaskazini A Unguja
[10/72] ======================================================================
[2025-12-07 07:35:53] ℹ️  Fetching: Baraza la Mji Kaskazini A Unguja
[2025-12-07 07:35:53] ℹ️    Using votecode: 207
[2025-12-07 07:38:01] ✅ Baraza la Mji Kaskazini A Unguja: Fetched 155 employees (2m 8s)
[2025-12-07 07:38:01] ℹ️  Pausing 15s before next institution...


[11/72] ======================================================================
[11/72] Institution: Baraza la Mji Kaskazini B Unguja
[11/72] ======================================================================
[2025-12-07 07:38:16] ℹ️  Fetching: Baraza la Mji Kaskazini B Unguja
[2025-12-07 07:38:16] ℹ️    Using votecode: 208
[2025-12-07 07:40:26] ✅ Baraza la Mji Kaskazini B Unguja: Fetched 153 employees (2m 9s)
[2025-12-07 07:40:26] ℹ️  Pausing 15s before next institution...


[12/72] ======================================================================
[12/72] Institution: Baraza la Mji Kati Unguja
[12/72] ======================================================================
[2025-12-07 07:40:41] ℹ️  Fetching: Baraza la Mji Kati Unguja
[2025-12-07 07:40:41] ℹ️    Using votecode: 205
[2025-12-07 07:42:06] ✅ Baraza la Mji Kati Unguja: Fetched 59 employees (1m 25s)
[2025-12-07 07:42:06] ℹ️  Pausing 15s before next institution...


[13/72] ======================================================================
[13/72] Institution: Baraza la Mji Mkoani
[13/72] ======================================================================
[2025-12-07 07:42:21] ℹ️  Fetching: Baraza la Mji Mkoani
[2025-12-07 07:42:21] ℹ️    Using votecode: 209
[2025-12-07 07:43:57] ✅ Baraza la Mji Mkoani: Fetched 112 employees (1m 35s)
[2025-12-07 07:43:57] ℹ️  Pausing 15s before next institution...


[14/72] ======================================================================
[14/72] Institution: Baraza la Mji Wete
[14/72] ======================================================================
[2025-12-07 07:44:12] ℹ️  Fetching: Baraza la Mji Wete
[2025-12-07 07:44:12] ℹ️    Using votecode: 211
[2025-12-07 07:46:31] ✅ Baraza la Mji Wete: Fetched 168 employees (2m 18s)
[2025-12-07 07:46:31] ℹ️  Pausing 15s before next institution...


[15/72] ======================================================================
[15/72] Institution: Bodi ya Huduma za Maktaba
[15/72] ======================================================================
[2025-12-07 07:46:46] ℹ️  Fetching: Bodi ya Huduma za Maktaba
[2025-12-07 07:46:46] ℹ️    Using votecode: 543
[2025-12-07 07:47:55] ✅ Bodi ya Huduma za Maktaba: Fetched 89 employees (1m 9s)
[2025-12-07 07:47:55] ℹ️  Pausing 15s before next institution...


[16/72] ======================================================================
[16/72] Institution: Chuo cha Kiislamu
[16/72] ======================================================================
[2025-12-07 07:48:10] ⚠️  Skipping: No vote number or TIN number

[17/72] ======================================================================
[17/72] Institution: Halmashauri ya Wilaya ya Kusini Unguja
[17/72] ======================================================================
[2025-12-07 07:48:10] ℹ️  Fetching: Halmashauri ya Wilaya ya Kusini Unguja
[2025-12-07 07:48:10] ℹ️    Using votecode: 206
[2025-12-07 07:49:11] ✅ Halmashauri ya Wilaya ya Kusini Unguja: Fetched 73 employees (1m 1s)
[2025-12-07 07:49:11] ℹ️  Pausing 15s before next institution...


[18/72] ======================================================================
[18/72] Institution: Halmashauri ya Wilaya ya Micheweni
[18/72] ======================================================================
[2025-12-07 07:49:26] ℹ️  Fetching: Halmashauri ya Wilaya ya Micheweni
[2025-12-07 07:49:26] ℹ️    Using votecode: 212
[2025-12-07 07:50:27] ✅ Halmashauri ya Wilaya ya Micheweni: Fetched 83 employees (1m 0s)
[2025-12-07 07:50:27] ℹ️  Pausing 15s before next institution...


[19/72] ======================================================================
[19/72] Institution: Hospitali ya Mnazi Mmoja
[19/72] ======================================================================
[2025-12-07 07:50:42] ℹ️  Fetching: Hospitali ya Mnazi Mmoja
[2025-12-07 07:50:42] ℹ️    Using votecode: 025
[2025-12-07 07:58:42] ❌ Hospitali ya Mnazi Mmoja: Timeout after 8 minutes
[2025-12-07 07:58:42] ⚠️  Waiting 15s before retry...
[2025-12-07 07:58:57] ℹ️  Fetching: Hospitali ya Mnazi Mmoja (Retry 1/2)
[2025-12-07 07:58:57] ℹ️    Using votecode: 025
[2025-12-07 08:06:57] ❌ Hospitali ya Mnazi Mmoja: Timeout after 8 minutes
[2025-12-07 08:06:57] ⚠️  Waiting 15s before retry...
[2025-12-07 08:07:12] ℹ️  Fetching: Hospitali ya Mnazi Mmoja (Retry 2/2)
[2025-12-07 08:07:12] ℹ️    Using votecode: 025
[2025-12-07 08:15:12] ❌ Hospitali ya Mnazi Mmoja: Timeout after 8 minutes
[2025-12-07 08:15:12] ℹ️  Pausing 15s before next institution...


[20/72] ======================================================================
[20/72] Institution: JKU
[20/72] ======================================================================
[2025-12-07 08:15:27] ⚠️  Skipping: No vote number or TIN number

[21/72] ======================================================================
[21/72] Institution: KAMISHENI YA ARDHI ZANZIBAR
[21/72] ======================================================================
[2025-12-07 08:15:27] ℹ️  Fetching: KAMISHENI YA ARDHI ZANZIBAR
[2025-12-07 08:15:27] ℹ️    Using votecode: 520
[2025-12-07 08:18:38] ✅ KAMISHENI YA ARDHI ZANZIBAR: Fetched 198 employees (3m 10s)
[2025-12-07 08:18:38] ℹ️  Pausing 15s before next institution...


[22/72] ======================================================================
[22/72] Institution: Kamisheni ya Kazi
[22/72] ======================================================================
[2025-12-07 08:18:53] ℹ️  Fetching: Kamisheni ya Kazi
[2025-12-07 08:18:53] ℹ️    Using votecode: 573
[2025-12-07 08:20:18] ✅ Kamisheni ya Kazi: Fetched 93 employees (1m 24s)
[2025-12-07 08:20:18] ℹ️  Pausing 15s before next institution...


[23/72] ======================================================================
[23/72] Institution: KAMISHENI YA KUKABILIANA NA MAAFA ZANZIBAR
[23/72] ======================================================================
[2025-12-07 08:20:33] ℹ️  Fetching: KAMISHENI YA KUKABILIANA NA MAAFA ZANZIBAR
[2025-12-07 08:20:33] ℹ️    Using votecode: 510
[2025-12-07 08:21:25] ✅ KAMISHENI YA KUKABILIANA NA MAAFA ZANZIBAR: Fetched 51 employees (0m 52s)
[2025-12-07 08:21:25] ℹ️  Pausing 15s before next institution...


[24/72] ======================================================================
[24/72] Institution: KAMISHENI YA UTALII ZANZIBAR
[24/72] ======================================================================
[2025-12-07 08:21:40] ⚠️  Skipping: No vote number or TIN number

[25/72] ======================================================================
[25/72] Institution: KAMISHENI YA UTUMISHI WA UMMA
[25/72] ======================================================================
[2025-12-07 08:21:40] ℹ️  Fetching: KAMISHENI YA UTUMISHI WA UMMA
[2025-12-07 08:21:40] ℹ️    Using votecode: 036
[2025-12-07 08:22:22] ✅ KAMISHENI YA UTUMISHI WA UMMA: Fetched 53 employees (0m 41s)
[2025-12-07 08:22:22] ℹ️  Pausing 15s before next institution...


[26/72] ======================================================================
[26/72] Institution: Magereza
[26/72] ======================================================================
[2025-12-07 08:22:37] ⚠️  Skipping: No vote number or TIN number

[27/72] ======================================================================
[27/72] Institution: MAMLAKA YA KUDHIBITI NA KUPAMBANA NA DAWA ZA KULEVYA ZANZIBAR
[27/72] ======================================================================
[2025-12-07 08:22:37] ℹ️  Fetching: MAMLAKA YA KUDHIBITI NA KUPAMBANA NA DAWA ZA KULEVYA ZANZIBAR
[2025-12-07 08:22:37] ℹ️    Using votecode: 032
[2025-12-07 08:23:34] ✅ MAMLAKA YA KUDHIBITI NA KUPAMBANA NA DAWA ZA KULEVYA ZANZIBAR: Fetched 63 employees (0m 56s)
[2025-12-07 08:23:34] ℹ️  Pausing 15s before next institution...


[28/72] ======================================================================
[28/72] Institution: MAMLAKA YA KUZUIA RUSHWA NA UHUJUMU WA UCHUMI ZANZIBAR
[28/72] ======================================================================
[2025-12-07 08:23:49] ℹ️  Fetching: MAMLAKA YA KUZUIA RUSHWA NA UHUJUMU WA UCHUMI ZANZIBAR
[2025-12-07 08:23:49] ℹ️    Using votecode: 035
[2025-12-07 08:26:50] ✅ MAMLAKA YA KUZUIA RUSHWA NA UHUJUMU WA UCHUMI ZANZIBAR: Fetched 211 employees (3m 1s)
[2025-12-07 08:26:50] ℹ️  Pausing 15s before next institution...


[29/72] ======================================================================
[29/72] Institution: Mamlaka ya Serikali Mtandao (eGAZ)
[29/72] ======================================================================
[2025-12-07 08:27:05] ℹ️  Fetching: Mamlaka ya Serikali Mtandao (eGAZ)
[2025-12-07 08:27:05] ℹ️    Using votecode: 038
[2025-12-07 08:28:32] ✅ Mamlaka ya Serikali Mtandao (eGAZ): Fetched 102 employees (1m 26s)
[2025-12-07 08:28:32] ℹ️  Pausing 15s before next institution...


[30/72] ======================================================================
[30/72] Institution: Mamlaka ya Uwezeshaji Wananchi Kiuchumi (ZEA)
[30/72] ======================================================================
[2025-12-07 08:28:47] ℹ️  Fetching: Mamlaka ya Uwezeshaji Wananchi Kiuchumi (ZEA)
[2025-12-07 08:28:47] ℹ️    Using votecode: 105
[2025-12-07 08:30:30] ✅ Mamlaka ya Uwezeshaji Wananchi Kiuchumi (ZEA): Fetched 104 employees (1m 43s)
[2025-12-07 08:30:30] ℹ️  Pausing 15s before next institution...


[31/72] ======================================================================
[31/72] Institution: Ofisi ya Hatimiliki (COSOZA)
[31/72] ======================================================================
[2025-12-07 08:30:45] ℹ️  Fetching: Ofisi ya Hatimiliki (COSOZA)
[2025-12-07 08:30:45] ℹ️    Using votecode: 558
[2025-12-07 08:31:08] ✅ Ofisi ya Hatimiliki (COSOZA): Fetched 24 employees (0m 22s)
[2025-12-07 08:31:08] ℹ️  Pausing 15s before next institution...


[32/72] ======================================================================
[32/72] Institution: OFISI YA MAKAMO WA KWANZA WA RAISI
[32/72] ======================================================================
[2025-12-07 08:31:23] ℹ️  Fetching: OFISI YA MAKAMO WA KWANZA WA RAISI
[2025-12-07 08:31:23] ℹ️    Using votecode: 002
[2025-12-07 08:34:43] ✅ OFISI YA MAKAMO WA KWANZA WA RAISI: Fetched 246 employees (3m 20s)
[2025-12-07 08:34:43] ℹ️  Pausing 15s before next institution...


[33/72] ======================================================================
[33/72] Institution: OFISI YA MAKAMO WA PILI WA RAISI
[33/72] ======================================================================
[2025-12-07 08:34:58] ℹ️  Fetching: OFISI YA MAKAMO WA PILI WA RAISI
[2025-12-07 08:34:58] ℹ️    Using votecode: 003
[2025-12-07 08:39:54] ✅ OFISI YA MAKAMO WA PILI WA RAISI: Fetched 360 employees (4m 55s)
[2025-12-07 08:39:54] ℹ️  Pausing 15s before next institution...


[34/72] ======================================================================
[34/72] Institution: Ofisi ya Mhasibu Mkuu wa Serikali
[34/72] ======================================================================
[2025-12-07 08:40:09] ⚠️  Skipping: No vote number or TIN number

[35/72] ======================================================================
[35/72] Institution: OFISI YA MKAGUZI MKUU WA NDANI WA SERIKALI
[35/72] ======================================================================
[2025-12-07 08:40:09] ℹ️  Fetching: OFISI YA MKAGUZI MKUU WA NDANI WA SERIKALI
[2025-12-07 08:40:09] ℹ️    Using votecode: 052
[2025-12-07 08:42:16] ✅ OFISI YA MKAGUZI MKUU WA NDANI WA SERIKALI: Fetched 154 employees (2m 7s)
[2025-12-07 08:42:16] ℹ️  Pausing 15s before next institution...


[36/72] ======================================================================
[36/72] Institution: Ofisi ya Mkaguzi wa Elimu
[36/72] ======================================================================
[2025-12-07 08:42:31] ℹ️  Fetching: Ofisi ya Mkaguzi wa Elimu
[2025-12-07 08:42:31] ℹ️    Using votecode: 546
[2025-12-07 08:44:07] ✅ Ofisi ya Mkaguzi wa Elimu: Fetched 109 employees (1m 35s)
[2025-12-07 08:44:07] ℹ️  Pausing 15s before next institution...


[37/72] ======================================================================
[37/72] Institution: Ofisi ya Mkuu wa Mkoa wa Kaskazini Pemba
[37/72] ======================================================================
[2025-12-07 08:44:22] ℹ️  Fetching: Ofisi ya Mkuu wa Mkoa wa Kaskazini Pemba
[2025-12-07 08:44:22] ℹ️    Using votecode: 051
[2025-12-07 08:44:54] ✅ Ofisi ya Mkuu wa Mkoa wa Kaskazini Pemba: Fetched 35 employees (0m 32s)
[2025-12-07 08:44:54] ℹ️  Pausing 15s before next institution...


[38/72] ======================================================================
[38/72] Institution: Ofisi ya Mkuu wa Mkoa wa Kaskazini Unguja
[38/72] ======================================================================
[2025-12-07 08:45:09] ℹ️  Fetching: Ofisi ya Mkuu wa Mkoa wa Kaskazini Unguja
[2025-12-07 08:45:09] ℹ️    Using votecode: 048
[2025-12-07 08:46:11] ✅ Ofisi ya Mkuu wa Mkoa wa Kaskazini Unguja: Fetched 71 employees (1m 1s)
[2025-12-07 08:46:11] ℹ️  Pausing 15s before next institution...


[39/72] ======================================================================
[39/72] Institution: Ofisi ya Mkuu wa Mkoa wa Kusini Pemba
[39/72] ======================================================================
[2025-12-07 08:46:26] ℹ️  Fetching: Ofisi ya Mkuu wa Mkoa wa Kusini Pemba
[2025-12-07 08:46:26] ℹ️    Using votecode: 050
[2025-12-07 08:47:13] ✅ Ofisi ya Mkuu wa Mkoa wa Kusini Pemba: Fetched 61 employees (0m 47s)
[2025-12-07 08:47:13] ℹ️  Pausing 15s before next institution...


[40/72] ======================================================================
[40/72] Institution: Ofisi ya Mkuu wa Mkoa wa Kusini Unguja
[40/72] ======================================================================
[2025-12-07 08:47:28] ℹ️  Fetching: Ofisi ya Mkuu wa Mkoa wa Kusini Unguja
[2025-12-07 08:47:28] ℹ️    Using votecode: 049
[2025-12-07 08:48:31] ✅ Ofisi ya Mkuu wa Mkoa wa Kusini Unguja: Fetched 74 employees (1m 2s)
[2025-12-07 08:48:31] ℹ️  Pausing 15s before next institution...


[41/72] ======================================================================
[41/72] Institution: Ofisi ya Mkuu wa Mkoa wa Mjini Magharibi Unguja
[41/72] ======================================================================
[2025-12-07 08:48:46] ℹ️  Fetching: Ofisi ya Mkuu wa Mkoa wa Mjini Magharibi Unguja
[2025-12-07 08:48:46] ℹ️    Using votecode: 047
[2025-12-07 08:49:37] ✅ Ofisi ya Mkuu wa Mkoa wa Mjini Magharibi Unguja: Fetched 63 employees (0m 50s)
[2025-12-07 08:49:37] ℹ️  Pausing 15s before next institution...


[42/72] ======================================================================
[42/72] Institution: Ofisi ya Msajili wa Hazina
[42/72] ======================================================================
[2025-12-07 08:49:52] ℹ️  Fetching: Ofisi ya Msajili wa Hazina
[2025-12-07 08:49:52] ℹ️    Using votecode: 106
[2025-12-07 08:50:42] ✅ Ofisi ya Msajili wa Hazina: Fetched 60 employees (0m 50s)
[2025-12-07 08:50:42] ℹ️  Pausing 15s before next institution...


[43/72] ======================================================================
[43/72] Institution: OFISI YA MUFTI MKUU WA ZANZIBAR
[43/72] ======================================================================
[2025-12-07 08:50:57] ⚠️  Skipping: No vote number or TIN number

[44/72] ======================================================================
[44/72] Institution: OFISI YA RAIS, FEDHA NA MIPANGO
[44/72] ======================================================================
[2025-12-07 08:50:57] ℹ️  Fetching: OFISI YA RAIS, FEDHA NA MIPANGO
[2025-12-07 08:50:57] ℹ️    Using votecode: 567
[2025-12-07 08:58:17] ✅ OFISI YA RAIS, FEDHA NA MIPANGO: Fetched 544 employees (7m 19s)
[2025-12-07 08:58:17] ℹ️  Pausing 15s before next institution...


[45/72] ======================================================================
[45/72] Institution: OFISI YA RAIS - IKULU
[45/72] ======================================================================
[2025-12-07 08:58:32] ℹ️  Fetching: OFISI YA RAIS - IKULU
[2025-12-07 08:58:32] ℹ️    Using votecode: 567
[2025-12-07 09:06:00] ✅ OFISI YA RAIS - IKULU: Fetched 544 employees (7m 27s)
[2025-12-07 09:06:00] ℹ️  Pausing 15s before next institution...


[46/72] ======================================================================
[46/72] Institution: OFISI YA RAIS - KATIBA SHERIA UTUMISHI NA UTAWALA BORA
[46/72] ======================================================================
[2025-12-07 09:06:15] ℹ️  Fetching: OFISI YA RAIS - KATIBA SHERIA UTUMISHI NA UTAWALA BORA
[2025-12-07 09:06:15] ℹ️    Using votecode: 005
[2025-12-07 09:10:09] ✅ OFISI YA RAIS - KATIBA SHERIA UTUMISHI NA UTAWALA BORA: Fetched 282 employees (3m 54s)
[2025-12-07 09:10:09] ℹ️  Pausing 15s before next institution...


[47/72] ======================================================================
[47/72] Institution: OFISI YA RAIS, TAWALA ZA MIKOA, SERIKALI ZA MITAA NA IDARA MAALUMU ZA SMZ
[47/72] ======================================================================
[2025-12-07 09:10:24] ℹ️  Fetching: OFISI YA RAIS, TAWALA ZA MIKOA, SERIKALI ZA MITAA NA IDARA MAALUMU ZA SMZ
[2025-12-07 09:10:24] ℹ️    Using votecode: 004
[2025-12-07 09:13:13] ✅ OFISI YA RAIS, TAWALA ZA MIKOA, SERIKALI ZA MITAA NA IDARA MAALUMU ZA SMZ: Fetched 188 employees (2m 48s)
[2025-12-07 09:13:13] ℹ️  Pausing 15s before next institution...


[48/72] ======================================================================
[48/72] Institution: Skuli ya Sheria Zanzibar
[48/72] ======================================================================
[2025-12-07 09:13:28] ℹ️  Fetching: Skuli ya Sheria Zanzibar
[2025-12-07 09:13:28] ℹ️    Using votecode: 570
[2025-12-07 09:14:03] ✅ Skuli ya Sheria Zanzibar: Fetched 23 employees (0m 34s)
[2025-12-07 09:14:03] ℹ️  Pausing 15s before next institution...


[49/72] ======================================================================
[49/72] Institution: TAASISI YA ELIMU ZANZIBAR
[49/72] ======================================================================
[2025-12-07 09:14:18] ℹ️  Fetching: TAASISI YA ELIMU ZANZIBAR
[2025-12-07 09:14:18] ℹ️    Using votecode: 542
[2025-12-07 09:15:31] ✅ TAASISI YA ELIMU ZANZIBAR: Fetched 72 employees (1m 12s)
[2025-12-07 09:15:31] ℹ️  Pausing 15s before next institution...


[50/72] ======================================================================
[50/72] Institution: TAASISI YA NYARAKA NA KUMBUKUMBU
[50/72] ======================================================================
[2025-12-07 09:15:46] ℹ️  Fetching: TAASISI YA NYARAKA NA KUMBUKUMBU
[2025-12-07 09:15:46] ℹ️    Using votecode: 057
[2025-12-07 09:17:08] ✅ TAASISI YA NYARAKA NA KUMBUKUMBU: Fetched 96 employees (1m 21s)
[2025-12-07 09:17:08] ℹ️  Pausing 15s before next institution...


[51/72] ======================================================================
[51/72] Institution: Taasisi ya Utafiti wa Uvuvi (ZAFIRI)
[51/72] ======================================================================
[2025-12-07 09:17:23] ℹ️  Fetching: Taasisi ya Utafiti wa Uvuvi (ZAFIRI)
[2025-12-07 09:17:23] ℹ️    Using votecode: 526
[2025-12-07 09:21:59] ✅ Taasisi ya Utafiti wa Uvuvi (ZAFIRI): Fetched 339 employees (4m 35s)
[2025-12-07 09:21:59] ℹ️  Pausing 15s before next institution...


[52/72] ======================================================================
[52/72] Institution: Tume ya kusimamia Nidhamu
[52/72] ======================================================================
[2025-12-07 09:22:14] ⚠️  Skipping: No vote number or TIN number

[53/72] ======================================================================
[53/72] Institution: TUME YA MAADILI YA VIONGOZI WA UMMA
[53/72] ======================================================================
[2025-12-07 09:22:14] ℹ️  Fetching: TUME YA MAADILI YA VIONGOZI WA UMMA
[2025-12-07 09:22:14] ℹ️    Using votecode: 113
[2025-12-07 09:23:09] ✅ TUME YA MAADILI YA VIONGOZI WA UMMA: Fetched 80 employees (0m 55s)
[2025-12-07 09:23:09] ℹ️  Pausing 15s before next institution...


[54/72] ======================================================================
[54/72] Institution: Tume ya Mipango
[54/72] ======================================================================
[2025-12-07 09:23:24] ℹ️  Fetching: Tume ya Mipango
[2025-12-07 09:23:24] ℹ️    Using votecode: 024
[2025-12-07 09:25:01] ✅ Tume ya Mipango: Fetched 119 employees (1m 37s)
[2025-12-07 09:25:01] ℹ️  Pausing 15s before next institution...


[55/72] ======================================================================
[55/72] Institution: TUME YA UCHAGUZI YA ZANZIBAR
[55/72] ======================================================================
[2025-12-07 09:25:16] ℹ️  Fetching: TUME YA UCHAGUZI YA ZANZIBAR
[2025-12-07 09:25:16] ℹ️    Using votecode: 031
[2025-12-07 09:26:47] ✅ TUME YA UCHAGUZI YA ZANZIBAR: Fetched 108 employees (1m 30s)
[2025-12-07 09:26:47] ℹ️  Pausing 15s before next institution...


[56/72] ======================================================================
[56/72] Institution: Tume ya Ushindani Halali wa Biashara
[56/72] ======================================================================
[2025-12-07 09:27:02] ℹ️  Fetching: Tume ya Ushindani Halali wa Biashara
[2025-12-07 09:27:02] ℹ️    Using votecode: 518
[2025-12-07 09:27:59] ✅ Tume ya Ushindani Halali wa Biashara: Fetched 66 employees (0m 57s)
[2025-12-07 09:27:59] ℹ️  Pausing 15s before next institution...


[57/72] ======================================================================
[57/72] Institution: TUME YA UTUMISHI SERIKALINI
[57/72] ======================================================================
[2025-12-07 09:28:14] ℹ️  Fetching: TUME YA UTUMISHI SERIKALINI
[2025-12-07 09:28:14] ℹ️    Using votecode: 037
[2025-12-07 09:28:52] ✅ TUME YA UTUMISHI SERIKALINI: Fetched 41 employees (0m 37s)
[2025-12-07 09:28:52] ℹ️  Pausing 15s before next institution...


[58/72] ======================================================================
[58/72] Institution: Wakala wa Barabara
[58/72] ======================================================================
[2025-12-07 09:29:07] ℹ️  Fetching: Wakala wa Barabara
[2025-12-07 09:29:07] ℹ️    Using votecode: 559
[2025-12-07 09:36:12] ✅ Wakala wa Barabara: Fetched 475 employees (7m 5s)
[2025-12-07 09:36:12] ℹ️  Pausing 15s before next institution...


[59/72] ======================================================================
[59/72] Institution: WAKALA WA MAJENGO ZANZIBAR
[59/72] ======================================================================
[2025-12-07 09:36:27] ℹ️  Fetching: WAKALA WA MAJENGO ZANZIBAR
[2025-12-07 09:36:27] ℹ️    Using votecode: 522
[2025-12-07 09:38:44] ✅ WAKALA WA MAJENGO ZANZIBAR: Fetched 161 employees (2m 16s)
[2025-12-07 09:38:44] ℹ️  Pausing 15s before next institution...


[60/72] ======================================================================
[60/72] Institution: Wakala wa Matrekta
[60/72] ======================================================================
[2025-12-07 09:38:59] ℹ️  Fetching: Wakala wa Matrekta
[2025-12-07 09:38:59] ℹ️    Using votecode: 527
[2025-12-07 09:40:34] ✅ Wakala wa Matrekta: Fetched 114 employees (1m 35s)
[2025-12-07 09:40:34] ℹ️  Pausing 15s before next institution...


[61/72] ======================================================================
[61/72] Institution: Wakala wa Vipimo Zanzibar
[61/72] ======================================================================
[2025-12-07 09:40:49] ℹ️  Fetching: Wakala wa Vipimo Zanzibar
[2025-12-07 09:40:49] ℹ️    Using votecode: 519
[2025-12-07 09:41:13] ✅ Wakala wa Vipimo Zanzibar: Fetched 25 employees (0m 23s)
[2025-12-07 09:41:13] ℹ️  Pausing 15s before next institution...


[62/72] ======================================================================
[62/72] Institution: WIZARA YA AFYA
[62/72] ======================================================================
[2025-12-07 09:41:28] ℹ️  Fetching: WIZARA YA AFYA
[2025-12-07 09:41:28] ℹ️    Using votecode: 008
[2025-12-07 09:49:28] ❌ WIZARA YA AFYA: Timeout after 8 minutes
[2025-12-07 09:49:28] ⚠️  Waiting 15s before retry...
[2025-12-07 09:49:43] ℹ️  Fetching: WIZARA YA AFYA (Retry 1/2)
[2025-12-07 09:49:43] ℹ️    Using votecode: 008
[2025-12-07 09:57:44] ❌ WIZARA YA AFYA: Timeout after 8 minutes
[2025-12-07 09:57:44] ⚠️  Waiting 15s before retry...
[2025-12-07 09:57:59] ℹ️  Fetching: WIZARA YA AFYA (Retry 2/2)
[2025-12-07 09:57:59] ℹ️    Using votecode: 008
[2025-12-07 10:05:59] ❌ WIZARA YA AFYA: Timeout after 8 minutes
[2025-12-07 10:05:59] ℹ️  Pausing 15s before next institution...


[63/72] ======================================================================
[63/72] Institution: WIZARA YA ARDHI NA MAENDELEO YA MAKAAZI ZANZIBAR
[63/72] ======================================================================
[2025-12-07 10:06:14] ℹ️  Fetching: WIZARA YA ARDHI NA MAENDELEO YA MAKAAZI ZANZIBAR
[2025-12-07 10:06:14] ℹ️    Using votecode: 014
[2025-12-07 10:08:55] ✅ WIZARA YA ARDHI NA MAENDELEO YA MAKAAZI ZANZIBAR: Fetched 142 employees (2m 40s)
[2025-12-07 10:08:55] ℹ️  Pausing 15s before next institution...


[64/72] ======================================================================
[64/72] Institution: WIZARA YA BIASHARA NA MAENDELEO YA VIWANDA
[64/72] ======================================================================
[2025-12-07 10:09:10] ℹ️  Fetching: WIZARA YA BIASHARA NA MAENDELEO YA VIWANDA
[2025-12-07 10:09:10] ℹ️    Using votecode: 017
[2025-12-07 10:12:07] ✅ WIZARA YA BIASHARA NA MAENDELEO YA VIWANDA: Fetched 151 employees (2m 57s)
[2025-12-07 10:12:07] ℹ️  Pausing 15s before next institution...


[65/72] ======================================================================
[65/72] Institution: WIZARA YA ELIMU NA MAFUNZO YA AMALI
[65/72] ======================================================================
[2025-12-07 10:12:22] ℹ️  Fetching: WIZARA YA ELIMU NA MAFUNZO YA AMALI
[2025-12-07 10:12:22] ℹ️    Using votecode: 011
[2025-12-07 10:20:22] ❌ WIZARA YA ELIMU NA MAFUNZO YA AMALI: Timeout after 8 minutes
[2025-12-07 10:20:22] ⚠️  Waiting 15s before retry...
[2025-12-07 10:20:37] ℹ️  Fetching: WIZARA YA ELIMU NA MAFUNZO YA AMALI (Retry 1/2)
[2025-12-07 10:20:37] ℹ️    Using votecode: 011
